Job started at: Fri Sep 27 18:10:55 CEST 2024:
1/20589
101/20589
201/20589
301/20589
401/20589
501/20589
601/20589
701/20589
801/20589
901/20589
1001/20589
1101/20589
1201/20589
1301/20589
1401/20589
1501/20589
1601/20589
1701/20589
1801/20589
1901/20589
2001/20589
2101/20589
2201/20589
2301/20589
2401/20589
2501/20589
2601/20589
2701/20589
2801/20589
2901/20589
3001/20589
3101/20589
3201/20589
3301/20589
3401/20589
3501/20589
3601/20589
3701/20589
3801/20589
3901/20589
4001/20589
4101/20589
4201/20589
4301/20589
4401/20589
4501/20589
4601/20589
4701/20589
4801/20589
4901/20589
5001/20589
5101/20589
5201/20589
5301/20589
5401/20589
5501/20589
5601/20589
5701/20589
5801/20589
5901/20589
6001/20589
6101/20589
6201/20589
6301/20589
6401/20589
6501/20589
6601/20589
6701/20589
6801/20589
6901/20589
7001/20589
7101/20589
7201/20589
7301/20589
7401/20589
7501/20589
7601/20589
7701/20589
7801/20589
7901/20589
8001/20589
8101/20589
8201/20589
8301/20589
8401/20589
8501/20589
8601/20589
8701/20589
8801/20589
8901/20589
9001/20589
9101/20589
9201/20589
9301/20589
9401/20589
9501/20589
9601/20589
9701/20589
9801/20589
9901/20589
10001/20589
10101/20589
10201/20589
10301/20589
10401/20589
10501/20589
10601/20589
10701/20589
10801/20589
10901/20589
11001/20589
11101/20589
11201/20589
11301/20589
11401/20589
11501/20589
11601/20589
11701/20589
11801/20589
11901/20589
12001/20589
12101/20589
12201/20589
12301/20589
12401/20589
12501/20589
12601/20589
12701/20589
12801/20589
12901/20589
13001/20589
13101/20589
13201/20589
13301/20589
13401/20589
13501/20589
13601/20589
13701/20589
13801/20589
13901/20589
14001/20589
14101/20589
14201/20589
14301/20589
14401/20589
14501/20589
14601/20589
14701/20589
14801/20589
14901/20589
15001/20589
15101/20589
15201/20589
15301/20589
15401/20589
15501/20589
15601/20589
15701/20589
15801/20589
15901/20589
16001/20589
16101/20589
16201/20589
16301/20589
16401/20589
16501/20589
16601/20589
16701/20589
16801/20589
16901/20589
17001/20589
17101/20589
17201/20589
17301/20589
17401/20589
17501/20589
17601/20589
17701/20589
17801/20589
17901/20589
18001/20589
18101/20589
18201/20589
18301/20589
18401/20589
18501/20589
18601/20589
18701/20589
18801/20589
18901/20589
19001/20589
19101/20589
19201/20589
19301/20589
19401/20589
19501/20589
19601/20589
19701/20589
19801/20589
19901/20589
20001/20589
20101/20589
20201/20589
20301/20589
20401/20589
20501/20589
Finished writing temporary file
network       SS
station    10891
channel      DP2
Name: 0, dtype: object
